{"C:\\GitHub Repos\\PerformanceProjects\\RoboFriendsApp\\src\\actions.js": {"path":"C:\\GitHub Repos\\PerformanceProjects\\RoboFriendsApp\\src\\actions.js","statementMap":{"0":{"start":{"line":1,"column":13},"end":{"line":1,"column":75}},"1":{"start":{"line":1,"column":75},"end":{"line":1,"column":134}},"2":{"start":{"line":1,"column":145},"end":{"line":1,"column":165}},"3":{"start":{"line":2,"column":17},"end":{"line":2,"column":39}},"4":{"start":{"line":10,"column":23},"end":{"line":10,"column":112}},"5":{"start":{"line":10,"column":57},"end":{"line":10,"column":111}},"6":{"start":{"line":12,"column":22},"end":{"line":17,"column":1}},"7":{"start":{"line":12,"column":52},"end":{"line":17,"column":1}},"8":{"start":{"line":13,"column":2},"end":{"line":13,"column":56}},"9":{"start":{"line":14,"column":2},"end":{"line":16,"column":87}},"10":{"start":{"line":15,"column":15},"end":{"line":15,"column":83}},"11":{"start":{"line":16,"column":17},"end":{"line":16,"column":85}}},"fnMap":{"0":{"name":"(anonymous_0)","decl":{"start":{"line":10,"column":48},"end":{"line":10,"column":49}},"loc":{"start":{"line":10,"column":57},"end":{"line":10,"column":111}},"line":10},"1":{"name":"(anonymous_1)","decl":{"start":{"line":12,"column":46},"end":{"line":12,"column":47}},"loc":{"start":{"line":12,"column":52},"end":{"line":17,"column":1}},"line":12},"2":{"name":"(anonymous_2)","decl":{"start":{"line":12,"column":52},"end":{"line":12,"column":53}},"loc":{"start":{"line":12,"column":64},"end":{"line":17,"column":1}},"line":12},"3":{"name":"(anonymous_3)","decl":{"start":{"line":15,"column":7},"end":{"line":15,"column":8}},"loc":{"start":{"line":15,"column":15},"end":{"line":15,"column":83}},"line":15},"4":{"name":"(anonymous_4)","decl":{"start":{"line":16,"column":8},"end":{"line":16,"column":9}},"loc":{"start":{"line":16,"column":17},"end":{"line":16,"column":85}},"line":16}},"branchMap":{},"s":{"0":0,"1":0,"2":0,"3":0,"4":0,"5":0,"6":0,"7":0,"8":0,"9":0,"10":0,"11":0},"f":{"0":0,"1":0,"2":0,"3":0,"4":0},"b":{}}
,"C:\\GitHub Repos\\PerformanceProjects\\RoboFriendsApp\\src\\constants.js": {"path":"C:\\GitHub Repos\\PerformanceProjects\\RoboFriendsApp\\src\\constants.js","statementMap":{"0":{"start":{"line":1,"column":34},"end":{"line":1,"column":54}},"1":{"start":{"line":3,"column":38},"end":{"line":3,"column":62}},"2":{"start":{"line":4,"column":38},"end":{"line":4,"column":62}},"3":{"start":{"line":5,"column":37},"end":{"line":5,"column":60}}},"fnMap":{},"branchMap":{},"s":{"0":1,"1":1,"2":1,"3":1},"f":{},"b":{},"_coverageSchema":"332fd63041d2c1bcb487cc26dd0d5f7d97098a6c","hash":"2b7986146705aaeeb417cc98da8c22005e84362d"}
,"C:\\GitHub Repos\\PerformanceProjects\\RoboFriendsApp\\src\\index.js": {"path":"C:\\GitHub Repos\\PerformanceProjects\\RoboFriendsApp\\src\\index.js","statementMap":{"0":{"start":{"line":1,"column":32},"end":{"line":1,"column":102}},"1":{"start":{"line":1,"column":116},"end":{"line":1,"column":132}},"2":{"start":{"line":1,"column":147},"end":{"line":1,"column":177}},"3":{"start":{"line":2,"column":16},"end":{"line":2,"column":36}},"4":{"start":{"line":2,"column":54},"end":{"line":2,"column":87}},"5":{"start":{"line":3,"column":13},"end":{"line":3,"column":29}},"6":{"start":{"line":4,"column":18},"end":{"line":4,"column":40}},"7":{"start":{"line":5,"column":18},"end":{"line":5,"column":40}},"8":{"start":{"line":5,"column":60},"end":{"line":5,"column":95}},"9":{"start":{"line":6,"column":19},"end":{"line":6,"column":42}},"10":{"start":{"line":7,"column":0},"end":{"line":7,"column":20}},"11":{"start":{"line":9,"column":11},"end":{"line":9,"column":38}},"12":{"start":{"line":9,"column":51},"end":{"line":9,"column":79}},"13":{"start":{"line":10,"column":29},"end":{"line":10,"column":63}},"14":{"start":{"line":10,"column":94},"end":{"line":10,"column":140}},"15":{"start":{"line":11,"column":16},"end":{"line":11,"column":37}},"16":{"start":{"line":13,"column":0},"end":{"line":13,"column":23}},"17":{"start":{"line":13,"column":61},"end":{"line":13,"column":115}},"18":{"start":{"line":15,"column":15},"end":{"line":15,"column":47}},"19":{"start":{"line":17,"column":21},"end":{"line":17,"column":130}},"20":{"start":{"line":19,"column":14},"end":{"line":19,"column":110}},"21":{"start":{"line":21,"column":0},"end":{"line":25,"column":33}},"22":{"start":{"line":27,"column":0},"end":{"line":27,"column":39}}},"fnMap":{"0":{"name":"_interopRequireDefault","decl":{"start":{"line":13,"column":32},"end":{"line":13,"column":54}},"loc":{"start":{"line":13,"column":60},"end":{"line":13,"column":116}},"line":13}},"branchMap":{"0":{"loc":{"start":{"line":13,"column":68},"end":{"line":13,"column":114}},"type":"cond-expr","locations":[{"start":{"line":13,"column":92},"end":{"line":13,"column":95}},{"start":{"line":13,"column":98},"end":{"line":13,"column":114}}],"line":13},"1":{"loc":{"start":{"line":13,"column":68},"end":{"line":13,"column":89}},"type":"binary-expr","locations":[{"start":{"line":13,"column":68},"end":{"line":13,"column":71}},{"start":{"line":13,"column":75},"end":{"line":13,"column":89}}],"line":13}},"s":{"0":0,"1":0,"2":0,"3":0,"4":0,"5":0,"6":0,"7":0,"8":0,"9":0,"10":0,"11":0,"12":0,"13":0,"14":0,"15":0,"16":0,"17":0,"18":0,"19":0,"20":0,"21":0,"22":0},"f":{"0":0},"b":{"0":[0,0],"1":[0,0]}}
,"C:\\GitHub Repos\\PerformanceProjects\\RoboFriendsApp\\src\\reducers.js": {"path":"C:\\GitHub Repos\\PerformanceProjects\\RoboFriendsApp\\src\\reducers.js","statementMap":{"0":{"start":{"line":8,"column":27},"end":{"line":10,"column":1}},"1":{"start":{"line":12,"column":28},"end":{"line":19,"column":1}},"2":{"start":{"line":13,"column":2},"end":{"line":18,"column":3}},"3":{"start":{"line":15,"column":6},"end":{"line":15,"column":68}},"4":{"start":{"line":17,"column":6},"end":{"line":17,"column":18}},"5":{"start":{"line":21,"column":27},"end":{"line":24,"column":1}},"6":{"start":{"line":26,"column":29},"end":{"line":37,"column":1}},"7":{"start":{"line":27,"column":2},"end":{"line":36,"column":3}},"8":{"start":{"line":29,"column":6},"end":{"line":29,"column":56}},"9":{"start":{"line":31,"column":6},"end":{"line":31,"column":81}},"10":{"start":{"line":33,"column":6},"end":{"line":33,"column":62}},"11":{"start":{"line":35,"column":6},"end":{"line":35,"column":18}}},"fnMap":{"0":{"name":"(anonymous_0)","decl":{"start":{"line":12,"column":28},"end":{"line":12,"column":29}},"loc":{"start":{"line":12,"column":69},"end":{"line":19,"column":1}},"line":12},"1":{"name":"(anonymous_1)","decl":{"start":{"line":26,"column":29},"end":{"line":26,"column":30}},"loc":{"start":{"line":26,"column":70},"end":{"line":37,"column":1}},"line":26}},"branchMap":{"0":{"loc":{"start":{"line":12,"column":29},"end":{"line":12,"column":53}},"type":"default-arg","locations":[{"start":{"line":12,"column":35},"end":{"line":12,"column":53}}],"line":12},"1":{"loc":{"start":{"line":12,"column":55},"end":{"line":12,"column":64}},"type":"default-arg","locations":[{"start":{"line":12,"column":62},"end":{"line":12,"column":64}}],"line":12},"2":{"loc":{"start":{"line":13,"column":2},"end":{"line":18,"column":3}},"type":"switch","locations":[{"start":{"line":14,"column":4},"end":{"line":15,"column":68}},{"start":{"line":16,"column":4},"end":{"line":17,"column":18}}],"line":13},"3":{"loc":{"start":{"line":26,"column":30},"end":{"line":26,"column":54}},"type":"default-arg","locations":[{"start":{"line":26,"column":36},"end":{"line":26,"column":54}}],"line":26},"4":{"loc":{"start":{"line":26,"column":56},"end":{"line":26,"column":65}},"type":"default-arg","locations":[{"start":{"line":26,"column":63},"end":{"line":26,"column":65}}],"line":26},"5":{"loc":{"start":{"line":27,"column":2},"end":{"line":36,"column":3}},"type":"switch","locations":[{"start":{"line":28,"column":4},"end":{"line":29,"column":56}},{"start":{"line":30,"column":4},"end":{"line":31,"column":81}},{"start":{"line":32,"column":4},"end":{"line":33,"column":62}},{"start":{"line":34,"column":4},"end":{"line":35,"column":18}}],"line":27}},"s":{"0":1,"1":1,"2":1,"3":0,"4":1,"5":1,"6":1,"7":0,"8":0,"9":0,"10":0,"11":0},"f":{"0":1,"1":0},"b":{"0":[1],"1":[0],"2":[0,1],"3":[0],"4":[0],"5":[0,0,0,0]},"_coverageSchema":"332fd63041d2c1bcb487cc26dd0d5f7d97098a6c","hash":"5ec2bb5d5eea46ee22a00735b0ccf342d4cfec3d"}
,"C:\\GitHub Repos\\PerformanceProjects\\RoboFriendsApp\\src\\registerServiceWorker.js": {"path":"C:\\GitHub Repos\\PerformanceProjects\\RoboFriendsApp\\src\\registerServiceWorker.js","statementMap":{"0":{"start":{"line":1,"column":13},"end":{"line":1,"column":75}},"1":{"start":{"line":1,"column":75},"end":{"line":21,"column":9}},"2":{"start":{"line":21,"column":9},"end":{"line":102,"column":24}},"3":{"start":{"line":109,"column":20},"end":{"line":111,"column":89}},"4":{"start":{"line":111,"column":111},"end":{"line":117,"column":36}},"5":{"start":{"line":112,"column":22},"end":{"line":112,"column":70}},"6":{"start":{"line":112,"column":71},"end":{"line":115,"column":14}},"7":{"start":{"line":115,"column":6},"end":{"line":115,"column":13}},"8":{"start":{"line":115,"column":14},"end":{"line":117,"column":35}},"9":{"start":{"line":115,"column":67},"end":{"line":115,"column":112}},"10":{"start":{"line":115,"column":113},"end":{"line":117,"column":32}},"11":{"start":{"line":116,"column":8},"end":{"line":116,"column":39}},"12":{"start":{"line":117,"column":8},"end":{"line":117,"column":31}},"13":{"start":{"line":117,"column":70},"end":{"line":124,"column":156}},"14":{"start":{"line":117,"column":132},"end":{"line":124,"column":68}},"15":{"start":{"line":117,"column":193},"end":{"line":117,"column":216}},"16":{"start":{"line":117,"column":217},"end":{"line":124,"column":66}},"17":{"start":{"line":117,"column":257},"end":{"line":124,"column":64}},"18":{"start":{"line":117,"column":302},"end":{"line":124,"column":63}},"19":{"start":{"line":121,"column":12},"end":{"line":121,"column":69}},"20":{"start":{"line":124,"column":12},"end":{"line":124,"column":62}},"21":{"start":{"line":124,"column":87},"end":{"line":124,"column":153}},"22":{"start":{"line":125,"column":2},"end":{"line":128,"column":126}},"23":{"start":{"line":126,"column":4},"end":{"line":128,"column":30}},"24":{"start":{"line":127,"column":6},"end":{"line":127,"column":127}},"25":{"start":{"line":127,"column":58},"end":{"line":127,"column":124}},"26":{"start":{"line":127,"column":96},"end":{"line":127,"column":121}},"27":{"start":{"line":128,"column":6},"end":{"line":128,"column":29}},"28":{"start":{"line":128,"column":46},"end":{"line":128,"column":123}},"29":{"start":{"line":128,"column":150},"end":{"line":128,"column":267}},"30":{"start":{"line":128,"column":185},"end":{"line":128,"column":266}},"31":{"start":{"line":128,"column":237},"end":{"line":128,"column":263}}},"fnMap":{"0":{"name":"register","decl":{"start":{"line":111,"column":99},"end":{"line":111,"column":107}},"loc":{"start":{"line":111,"column":110},"end":{"line":117,"column":37}},"line":111},"1":{"name":"(anonymous_1)","decl":{"start":{"line":115,"column":46},"end":{"line":115,"column":47}},"loc":{"start":{"line":115,"column":52},"end":{"line":117,"column":33}},"line":115},"2":{"name":"registerValidSW","decl":{"start":{"line":117,"column":46},"end":{"line":117,"column":61}},"loc":{"start":{"line":117,"column":69},"end":{"line":124,"column":157}},"line":117},"3":{"name":"(anonymous_3)","decl":{"start":{"line":117,"column":115},"end":{"line":117,"column":116}},"loc":{"start":{"line":117,"column":131},"end":{"line":124,"column":69}},"line":117},"4":{"name":"(anonymous_4)","decl":{"start":{"line":117,"column":161},"end":{"line":117,"column":162}},"loc":{"start":{"line":117,"column":167},"end":{"line":124,"column":67}},"line":117},"5":{"name":"(anonymous_5)","decl":{"start":{"line":117,"column":250},"end":{"line":117,"column":251}},"loc":{"start":{"line":117,"column":256},"end":{"line":124,"column":65}},"line":117},"6":{"name":"(anonymous_6)","decl":{"start":{"line":124,"column":77},"end":{"line":124,"column":78}},"loc":{"start":{"line":124,"column":86},"end":{"line":124,"column":154}},"line":124},"7":{"name":"checkValidServiceWorker","decl":{"start":{"line":124,"column":166},"end":{"line":124,"column":189}},"loc":{"start":{"line":124,"column":197},"end":{"line":128,"column":127}},"line":124},"8":{"name":"(anonymous_8)","decl":{"start":{"line":125,"column":20},"end":{"line":125,"column":21}},"loc":{"start":{"line":125,"column":32},"end":{"line":128,"column":31}},"line":125},"9":{"name":"(anonymous_9)","decl":{"start":{"line":127,"column":41},"end":{"line":127,"column":42}},"loc":{"start":{"line":127,"column":57},"end":{"line":127,"column":125}},"line":127},"10":{"name":"(anonymous_10)","decl":{"start":{"line":127,"column":89},"end":{"line":127,"column":90}},"loc":{"start":{"line":127,"column":95},"end":{"line":127,"column":122}},"line":127},"11":{"name":"(anonymous_11)","decl":{"start":{"line":128,"column":39},"end":{"line":128,"column":40}},"loc":{"start":{"line":128,"column":45},"end":{"line":128,"column":124}},"line":128},"12":{"name":"unregister","decl":{"start":{"line":128,"column":136},"end":{"line":128,"column":146}},"loc":{"start":{"line":128,"column":149},"end":{"line":128,"column":268}},"line":128},"13":{"name":"(anonymous_13)","decl":{"start":{"line":128,"column":220},"end":{"line":128,"column":221}},"loc":{"start":{"line":128,"column":236},"end":{"line":128,"column":264}},"line":128}},"branchMap":{"0":{"loc":{"start":{"line":109,"column":28},"end":{"line":111,"column":88}},"type":"binary-expr","locations":[{"start":{"line":109,"column":28},"end":{"line":109,"column":68}},{"start":{"line":110,"column":0},"end":{"line":110,"column":36}},{"start":{"line":111,"column":0},"end":{"line":111,"column":88}}],"line":109},"1":{"loc":{"start":{"line":111,"column":111},"end":{"line":117,"column":36}},"type":"if","locations":[{"start":{"line":111,"column":111},"end":{"line":117,"column":36}},{"start":{"line":111,"column":111},"end":{"line":117,"column":36}}],"line":111},"2":{"loc":{"start":{"line":111,"column":115},"end":{"line":111,"column":184}},"type":"binary-expr","locations":[{"start":{"line":111,"column":115},"end":{"line":111,"column":152}},{"start":{"line":111,"column":156},"end":{"line":111,"column":184}}],"line":111},"3":{"loc":{"start":{"line":112,"column":71},"end":{"line":115,"column":14}},"type":"if","locations":[{"start":{"line":112,"column":71},"end":{"line":115,"column":14}},{"start":{"line":112,"column":71},"end":{"line":115,"column":14}}],"line":112},"4":{"loc":{"start":{"line":115,"column":113},"end":{"line":117,"column":32}},"type":"if","locations":[{"start":{"line":115,"column":113},"end":{"line":117,"column":32}},{"start":{"line":115,"column":113},"end":{"line":117,"column":32}}],"line":115},"5":{"loc":{"start":{"line":117,"column":257},"end":{"line":124,"column":64}},"type":"if","locations":[{"start":{"line":117,"column":257},"end":{"line":124,"column":64}},{"start":{"line":117,"column":257},"end":{"line":124,"column":64}}],"line":117},"6":{"loc":{"start":{"line":117,"column":302},"end":{"line":124,"column":63}},"type":"if","locations":[{"start":{"line":117,"column":302},"end":{"line":124,"column":63}},{"start":{"line":117,"column":302},"end":{"line":124,"column":63}}],"line":117},"7":{"loc":{"start":{"line":126,"column":4},"end":{"line":128,"column":30}},"type":"if","locations":[{"start":{"line":126,"column":4},"end":{"line":128,"column":30}},{"start":{"line":126,"column":4},"end":{"line":128,"column":30}}],"line":126},"8":{"loc":{"start":{"line":126,"column":8},"end":{"line":126,"column":100}},"type":"binary-expr","locations":[{"start":{"line":126,"column":8},"end":{"line":126,"column":31}},{"start":{"line":126,"column":35},"end":{"line":126,"column":100}}],"line":126},"9":{"loc":{"start":{"line":128,"column":150},"end":{"line":128,"column":267}},"type":"if","locations":[{"start":{"line":128,"column":150},"end":{"line":128,"column":267}},{"start":{"line":128,"column":150},"end":{"line":128,"column":267}}],"line":128}},"s":{"0":0,"1":0,"2":0,"3":0,"4":0,"5":0,"6":0,"7":0,"8":0,"9":0,"10":0,"11":0,"12":0,"13":0,"14":0,"15":0,"16":0,"17":0,"18":0,"19":0,"20":0,"21":0,"22":0,"23":0,"24":0,"25":0,"26":0,"27":0,"28":0,"29":0,"30":0,"31":0},"f":{"0":0,"1":0,"2":0,"3":0,"4":0,"5":0,"6":0,"7":0,"8":0,"9":0,"10":0,"11":0,"12":0,"13":0},"b":{"0":[0,0,0],"1":[0,0],"2":[0,0],"3":[0,0],"4":[0,0],"5":[0,0],"6":[0,0],"7":[0,0],"8":[0,0],"9":[0,0]}}
,"C:\\GitHub Repos\\PerformanceProjects\\RoboFriendsApp\\src\\setupTests.js": {"path":"C:\\GitHub Repos\\PerformanceProjects\\RoboFriendsApp\\src\\setupTests.js","statementMap":{"0":{"start":{"line":6,"column":0},"end":{"line":6,"column":38}}},"fnMap":{},"branchMap":{},"s":{"0":5},"f":{},"b":{},"_coverageSchema":"332fd63041d2c1bcb487cc26dd0d5f7d97098a6c","hash":"ce3e955ce02a508daf0ef9525ccf3f75ad29e84d"}
,"C:\\GitHub Repos\\PerformanceProjects\\RoboFriendsApp\\src\\api\\api.js": {"path":"C:\\GitHub Repos\\PerformanceProjects\\RoboFriendsApp\\src\\api\\api.js","statementMap":{"0":{"start":{"line":1,"column":13},"end":{"line":1,"column":75}},"1":{"start":{"line":1,"column":91},"end":{"line":2,"column":45}},"2":{"start":{"line":2,"column":0},"end":{"line":2,"column":45}},"3":{"start":{"line":2,"column":29},"end":{"line":2,"column":44}}},"fnMap":{"0":{"name":"(anonymous_0)","decl":{"start":{"line":1,"column":109},"end":{"line":1,"column":110}},"loc":{"start":{"line":2,"column":0},"end":{"line":2,"column":45}},"line":2},"1":{"name":"(anonymous_1)","decl":{"start":{"line":2,"column":17},"end":{"line":2,"column":18}},"loc":{"start":{"line":2,"column":29},"end":{"line":2,"column":44}},"line":2}},"branchMap":{},"s":{"0":0,"1":0,"2":0,"3":0},"f":{"0":0,"1":0},"b":{}}
,"C:\\GitHub Repos\\PerformanceProjects\\RoboFriendsApp\\src\\components\\Card.js": {"path":"C:\\GitHub Repos\\PerformanceProjects\\RoboFriendsApp\\src\\components\\Card.js","statementMap":{"0":{"start":{"line":3,"column":13},"end":{"line":13,"column":1}},"1":{"start":{"line":4,"column":2},"end":{"line":12,"column":4}}},"fnMap":{"0":{"name":"(anonymous_0)","decl":{"start":{"line":3,"column":13},"end":{"line":3,"column":14}},"loc":{"start":{"line":3,"column":38},"end":{"line":13,"column":1}},"line":3}},"branchMap":{},"s":{"0":3,"1":1},"f":{"0":1},"b":{},"_coverageSchema":"332fd63041d2c1bcb487cc26dd0d5f7d97098a6c","hash":"ef76bfef5bd31c9b15145b5ea1527f8a0cdcf3a1"}
,"C:\\GitHub Repos\\PerformanceProjects\\RoboFriendsApp\\src\\components\\CardList.js": {"path":"C:\\GitHub Repos\\PerformanceProjects\\RoboFriendsApp\\src\\components\\CardList.js","statementMap":{"0":{"start":{"line":4,"column":17},"end":{"line":21,"column":1}},"1":{"start":{"line":5,"column":2},"end":{"line":20,"column":4}},"2":{"start":{"line":9,"column":10},"end":{"line":16,"column":12}}},"fnMap":{"0":{"name":"(anonymous_0)","decl":{"start":{"line":4,"column":17},"end":{"line":4,"column":18}},"loc":{"start":{"line":4,"column":33},"end":{"line":21,"column":1}},"line":4},"1":{"name":"(anonymous_1)","decl":{"start":{"line":8,"column":19},"end":{"line":8,"column":20}},"loc":{"start":{"line":8,"column":32},"end":{"line":17,"column":9}},"line":8}},"branchMap":{},"s":{"0":2,"1":1,"2":1},"f":{"0":1,"1":1},"b":{},"_coverageSchema":"332fd63041d2c1bcb487cc26dd0d5f7d97098a6c","hash":"e19c43e5a3fcc172d800afce2eb0162198848daa"}
,"C:\\GitHub Repos\\PerformanceProjects\\RoboFriendsApp\\src\\components\\CounterButton.js": {"path":"C:\\GitHub Repos\\PerformanceProjects\\RoboFriendsApp\\src\\components\\CounterButton.js","statementMap":{"0":{"start":{"line":5,"column":8},"end":{"line":5,"column":21}},"1":{"start":{"line":6,"column":8},"end":{"line":8,"column":9}},"2":{"start":{"line":12,"column":8},"end":{"line":12,"column":52}},"3":{"start":{"line":16,"column":8},"end":{"line":18,"column":11}},"4":{"start":{"line":17,"column":12},"end":{"line":17,"column":45}},"5":{"start":{"line":22,"column":8},"end":{"line":29,"column":10}}},"fnMap":{"0":{"name":"(anonymous_0)","decl":{"start":{"line":4,"column":4},"end":{"line":4,"column":5}},"loc":{"start":{"line":4,"column":23},"end":{"line":9,"column":5}},"line":4},"1":{"name":"(anonymous_1)","decl":{"start":{"line":11,"column":4},"end":{"line":11,"column":5}},"loc":{"start":{"line":11,"column":48},"end":{"line":13,"column":5}},"line":11},"2":{"name":"(anonymous_2)","decl":{"start":{"line":15,"column":4},"end":{"line":15,"column":5}},"loc":{"start":{"line":15,"column":18},"end":{"line":19,"column":5}},"line":15},"3":{"name":"(anonymous_3)","decl":{"start":{"line":16,"column":22},"end":{"line":16,"column":23}},"loc":{"start":{"line":16,"column":31},"end":{"line":18,"column":9}},"line":16},"4":{"name":"(anonymous_4)","decl":{"start":{"line":21,"column":4},"end":{"line":21,"column":5}},"loc":{"start":{"line":21,"column":13},"end":{"line":30,"column":5}},"line":21}},"branchMap":{},"s":{"0":2,"1":2,"2":2,"3":2,"4":2,"5":4},"f":{"0":2,"1":2,"2":2,"3":2,"4":4},"b":{},"_coverageSchema":"332fd63041d2c1bcb487cc26dd0d5f7d97098a6c","hash":"930b0e30b789e98f7ee7b8a7ac1cd8c1f3d5fe71"}
,"C:\\GitHub Repos\\PerformanceProjects\\RoboFriendsApp\\src\\components\\ErrorBoundry.js": {"path":"C:\\GitHub Repos\\PerformanceProjects\\RoboFriendsApp\\src\\components\\ErrorBoundry.js","statementMap":{"0":{"start":{"line":5,"column":4},"end":{"line":5,"column":16}},"1":{"start":{"line":6,"column":4},"end":{"line":6,"column":36}},"2":{"start":{"line":10,"column":4},"end":{"line":10,"column":37}},"3":{"start":{"line":14,"column":4},"end":{"line":16,"column":5}},"4":{"start":{"line":15,"column":6},"end":{"line":15,"column":43}},"5":{"start":{"line":17,"column":4},"end":{"line":17,"column":30}}},"fnMap":{"0":{"name":"(anonymous_0)","decl":{"start":{"line":4,"column":2},"end":{"line":4,"column":3}},"loc":{"start":{"line":4,"column":22},"end":{"line":7,"column":3}},"line":4},"1":{"name":"(anonymous_1)","decl":{"start":{"line":9,"column":2},"end":{"line":9,"column":3}},"loc":{"start":{"line":9,"column":34},"end":{"line":11,"column":3}},"line":9},"2":{"name":"(anonymous_2)","decl":{"start":{"line":13,"column":2},"end":{"line":13,"column":3}},"loc":{"start":{"line":13,"column":12},"end":{"line":18,"column":3}},"line":13}},"branchMap":{"0":{"loc":{"start":{"line":14,"column":4},"end":{"line":16,"column":5}},"type":"if","locations":[{"start":{"line":14,"column":4},"end":{"line":16,"column":5}},{"start":{"line":14,"column":4},"end":{"line":16,"column":5}}],"line":14}},"s":{"0":0,"1":0,"2":0,"3":0,"4":0,"5":0},"f":{"0":0,"1":0,"2":0},"b":{"0":[0,0]},"_coverageSchema":"332fd63041d2c1bcb487cc26dd0d5f7d97098a6c","hash":"306c153d6d952c2eae6a6a4594c283965583ab94"}
,"C:\\GitHub Repos\\PerformanceProjects\\RoboFriendsApp\\src\\components\\Header.js": {"path":"C:\\GitHub Repos\\PerformanceProjects\\RoboFriendsApp\\src\\components\\Header.js","statementMap":{"0":{"start":{"line":6,"column":8},"end":{"line":6,"column":21}},"1":{"start":{"line":10,"column":8},"end":{"line":15,"column":10}}},"fnMap":{"0":{"name":"(anonymous_0)","decl":{"start":{"line":5,"column":4},"end":{"line":5,"column":5}},"loc":{"start":{"line":5,"column":48},"end":{"line":7,"column":5}},"line":5},"1":{"name":"(anonymous_1)","decl":{"start":{"line":9,"column":4},"end":{"line":9,"column":5}},"loc":{"start":{"line":9,"column":13},"end":{"line":16,"column":5}},"line":9}},"branchMap":{},"s":{"0":0,"1":0},"f":{"0":0,"1":0},"b":{},"_coverageSchema":"332fd63041d2c1bcb487cc26dd0d5f7d97098a6c","hash":"a75d305a3321d6868af335f24c1699b014448b59"}
,"C:\\GitHub Repos\\PerformanceProjects\\RoboFriendsApp\\src\\components\\MainPage.js": {"path":"C:\\GitHub Repos\\PerformanceProjects\\RoboFriendsApp\\src\\components\\MainPage.js","statementMap":{"0":{"start":{"line":14,"column":8},"end":{"line":14,"column":37}},"1":{"start":{"line":18,"column":31},"end":{"line":20,"column":10}},"2":{"start":{"line":19,"column":12},"end":{"line":19,"column":91}},"3":{"start":{"line":21,"column":8},"end":{"line":21,"column":30}},"4":{"start":{"line":25,"column":46},"end":{"line":25,"column":56}},"5":{"start":{"line":27,"column":8},"end":{"line":42,"column":10}}},"fnMap":{"0":{"name":"(anonymous_0)","decl":{"start":{"line":13,"column":4},"end":{"line":13,"column":5}},"loc":{"start":{"line":13,"column":24},"end":{"line":15,"column":5}},"line":13},"1":{"name":"(anonymous_1)","decl":{"start":{"line":17,"column":4},"end":{"line":17,"column":5}},"loc":{"start":{"line":17,"column":19},"end":{"line":22,"column":5}},"line":17},"2":{"name":"(anonymous_2)","decl":{"start":{"line":18,"column":56},"end":{"line":18,"column":57}},"loc":{"start":{"line":18,"column":65},"end":{"line":20,"column":9}},"line":18},"3":{"name":"(anonymous_3)","decl":{"start":{"line":24,"column":4},"end":{"line":24,"column":5}},"loc":{"start":{"line":24,"column":13},"end":{"line":43,"column":5}},"line":24}},"branchMap":{"0":{"loc":{"start":{"line":33,"column":24},"end":{"line":38,"column":43}},"type":"cond-expr","locations":[{"start":{"line":34,"column":30},"end":{"line":34,"column":46}},{"start":{"line":36,"column":28},"end":{"line":38,"column":43}}],"line":33}},"s":{"0":9,"1":11,"2":5,"3":11,"4":9,"5":9},"f":{"0":9,"1":11,"2":5,"3":9},"b":{"0":[1,8]},"_coverageSchema":"332fd63041d2c1bcb487cc26dd0d5f7d97098a6c","hash":"632e945d866d8668503c28fa9cbc8fa2e28d7b59"}
,"C:\\GitHub Repos\\PerformanceProjects\\RoboFriendsApp\\src\\components\\Scroll.js": {"path":"C:\\GitHub Repos\\PerformanceProjects\\RoboFriendsApp\\src\\components\\Scroll.js","statementMap":{"0":{"start":{"line":3,"column":15},"end":{"line":9,"column":1}},"1":{"start":{"line":4,"column":2},"end":{"line":8,"column":4}}},"fnMap":{"0":{"name":"(anonymous_0)","decl":{"start":{"line":3,"column":15},"end":{"line":3,"column":16}},"loc":{"start":{"line":3,"column":26},"end":{"line":9,"column":1}},"line":3}},"branchMap":{},"s":{"0":1,"1":0},"f":{"0":0},"b":{},"_coverageSchema":"332fd63041d2c1bcb487cc26dd0d5f7d97098a6c","hash":"41b92f5cbe515d86ef194598d5bc39180e3b1b48"}
,"C:\\GitHub Repos\\PerformanceProjects\\RoboFriendsApp\\src\\components\\SearchBox.js": {"path":"C:\\GitHub Repos\\PerformanceProjects\\RoboFriendsApp\\src\\components\\SearchBox.js","statementMap":{"0":{"start":{"line":3,"column":18},"end":{"line":15,"column":1}},"1":{"start":{"line":4,"column":2},"end":{"line":14,"column":4}}},"fnMap":{"0":{"name":"(anonymous_0)","decl":{"start":{"line":3,"column":18},"end":{"line":3,"column":19}},"loc":{"start":{"line":3,"column":53},"end":{"line":15,"column":1}},"line":3}},"branchMap":{},"s":{"0":1,"1":0},"f":{"0":0},"b":{},"_coverageSchema":"332fd63041d2c1bcb487cc26dd0d5f7d97098a6c","hash":"dd81917462068142ef0e9331c518226c2eb4771f"}
,"C:\\GitHub Repos\\PerformanceProjects\\RoboFriendsApp\\src\\containers\\App.js": {"path":"C:\\GitHub Repos\\PerformanceProjects\\RoboFriendsApp\\src\\containers\\App.js","statementMap":{"0":{"start":{"line":1,"column":13},"end":{"line":1,"column":75}},"1":{"start":{"line":1,"column":94},"end":{"line":1,"column":174}},"2":{"start":{"line":1,"column":175},"end":{"line":1,"column":196}},"3":{"start":{"line":3,"column":13},"end":{"line":3,"column":29}},"4":{"start":{"line":3,"column":44},"end":{"line":3,"column":74}},"5":{"start":{"line":4,"column":18},"end":{"line":4,"column":40}},"6":{"start":{"line":5,"column":15},"end":{"line":5,"column":36}},"7":{"start":{"line":7,"column":16},"end":{"line":7,"column":49}},"8":{"start":{"line":7,"column":67},"end":{"line":7,"column":100}},"9":{"start":{"line":7,"column":139},"end":{"line":7,"column":193}},"10":{"start":{"line":10,"column":24},"end":{"line":16,"column":1}},"11":{"start":{"line":11,"column":2},"end":{"line":14,"column":47}},"12":{"start":{"line":20,"column":27},"end":{"line":25,"column":1}},"13":{"start":{"line":21,"column":2},"end":{"line":23,"column":69}},"14":{"start":{"line":22,"column":29},"end":{"line":22,"column":87}},"15":{"start":{"line":23,"column":27},"end":{"line":23,"column":66}},"16":{"start":{"line":29,"column":4},"end":{"line":30,"column":160}},"17":{"start":{"line":36,"column":0},"end":{"line":36,"column":85}}},"fnMap":{"0":{"name":"_interopRequireDefault","decl":{"start":{"line":7,"column":110},"end":{"line":7,"column":132}},"loc":{"start":{"line":7,"column":138},"end":{"line":7,"column":194}},"line":7},"1":{"name":"(anonymous_1)","decl":{"start":{"line":10,"column":24},"end":{"line":10,"column":25}},"loc":{"start":{"line":10,"column":33},"end":{"line":16,"column":1}},"line":10},"2":{"name":"(anonymous_2)","decl":{"start":{"line":20,"column":27},"end":{"line":20,"column":28}},"loc":{"start":{"line":20,"column":39},"end":{"line":25,"column":1}},"line":20},"3":{"name":"(anonymous_3)","decl":{"start":{"line":22,"column":20},"end":{"line":22,"column":21}},"loc":{"start":{"line":22,"column":29},"end":{"line":22,"column":87}},"line":22},"4":{"name":"(anonymous_4)","decl":{"start":{"line":23,"column":21},"end":{"line":23,"column":22}},"loc":{"start":{"line":23,"column":27},"end":{"line":23,"column":66}},"line":23},"5":{"name":"(anonymous_5)","decl":{"start":{"line":28,"column":2},"end":{"line":28,"column":3}},"loc":{"start":{"line":28,"column":11},"end":{"line":32,"column":3}},"line":28}},"branchMap":{"0":{"loc":{"start":{"line":7,"column":146},"end":{"line":7,"column":192}},"type":"cond-expr","locations":[{"start":{"line":7,"column":170},"end":{"line":7,"column":173}},{"start":{"line":7,"column":176},"end":{"line":7,"column":192}}],"line":7},"1":{"loc":{"start":{"line":7,"column":146},"end":{"line":7,"column":167}},"type":"binary-expr","locations":[{"start":{"line":7,"column":146},"end":{"line":7,"column":149}},{"start":{"line":7,"column":153},"end":{"line":7,"column":167}}],"line":7}},"s":{"0":0,"1":0,"2":0,"3":0,"4":0,"5":0,"6":0,"7":0,"8":0,"9":0,"10":0,"11":0,"12":0,"13":0,"14":0,"15":0,"16":0,"17":0},"f":{"0":0,"1":0,"2":0,"3":0,"4":0,"5":0},"b":{"0":[0,0],"1":[0,0]}}
}
